--------------------------------------------------------------------------------
CPU name:	Intel(R) Core(TM) i5-7500 CPU @ 3.40GHz
CPU type:	Intel Coffeelake processor
CPU clock:	3.41 GHz
--------------------------------------------------------------------------------
-11.956451 -3.038846 -1.207925 12.053528 16.740737 15.173428 9.191151 -6.100224 -0.352888 9.276503 
-11.956451 -3.038846 -1.207925 12.053528 16.740738 15.173429 9.191146 -6.100230 -0.352885 9.276508 
-18.466304 6.035832 0.311546 16.283141 -16.859264 -16.822467 -19.508072 -6.720655 16.845103 -4.311383 
-18.466304 6.035832 0.311546 16.283141 -16.859263 -16.822465 -19.508077 -6.720661 16.845107 -4.311378 
-2.349022 15.256892 -13.055610 3.472764 -3.511065 -1.795208 -13.486355 -8.944038 -19.498803 -12.446270 
-2.349022 15.256892 -13.055610 3.472764 -3.511066 -1.795208 -13.486354 -8.944038 -19.498804 -12.446270 
--------------------------------------------------------------------------------
Region tabelaAjuste, Group 1: L2CACHE
+-------------------+----------+
|    Region Info    |  Core 3  |
+-------------------+----------+
| RDTSC Runtime [s] | 0.000002 |
|     call count    |        1 |
+-------------------+----------+

+-----------------------+---------+--------+
|         Event         | Counter | Core 3 |
+-----------------------+---------+--------+
|   INSTR_RETIRED_ANY   |  FIXC0  |  18808 |
| CPU_CLK_UNHALTED_CORE |  FIXC1  |  19643 |
|  CPU_CLK_UNHALTED_REF |  FIXC2  |  17892 |
| L2_TRANS_ALL_REQUESTS |   PMC0  |   2252 |
|     L2_RQSTS_MISS     |   PMC1  |    731 |
+-----------------------+---------+--------+

+----------------------+--------------+
|        Metric        |    Core 3    |
+----------------------+--------------+
|  Runtime (RDTSC) [s] | 2.103888e-06 |
| Runtime unhalted [s] | 5.763809e-06 |
|      Clock [MHz]     |    3741.5124 |
|          CPI         |       1.0444 |
|    L2 request rate   |       0.1197 |
|     L2 miss rate     |       0.0389 |
|     L2 miss ratio    |       0.3246 |
+----------------------+--------------+

