--------------------------------------------------------------------------------
CPU name:	Intel(R) Core(TM) i5-7500 CPU @ 3.40GHz
CPU type:	Intel Coffeelake processor
CPU clock:	3.41 GHz
--------------------------------------------------------------------------------
17.434833 -13.578720 -5.652561 14.315012 2.797760 -13.100698 -3.904076 -17.190504 13.314704 134.396366 65.598717 -886.277813 -1181.125850 3244.123260 6917.593542 -6029.781414 -21059.515316 3399.890657 36021.604642 4017.415477 -34361.420248 1738.872020 20126.312833 -21497.412158 -15542.349801 19185.482318 9995.137485 4929.542320 7691.892472 -8399.011528 -5812.741420 2288.046151 -12001.073282 -10081.565240 9711.712899 7534.144385 108.885421 2847.334380 -1839.108698 -485.964086 2104.471759 -3949.257959 -448.704168 1174.531104 -262.466398 2885.490445 522.335193 -1176.959297 -1269.517837 -1570.984108 -4.688605 608.485628 326.603726 -574.394241 -62.572834 440.915590 257.225399 279.607500 -30.691376 305.344238 -281.335551 -337.347700 22.357589 -386.679180 108.375462 197.344279 -65.997580 -18.949449 189.227069 301.015158 -102.672704 8.380991 310.018147 157.050271 98.335246 -167.723529 -153.081118 45.727615 -273.188972 -64.919447 73.325344 3.387969 -80.226572 -194.613641 -9.993154 54.163046 29.755265 8.928953 55.834529 70.355806 21.206339 -100.712162 39.827854 123.922277 -43.020515 47.737086 14.576060 -39.175071 3.421787 9.393052 
17.434835 -13.578654 -5.651401 14.314856 2.712634 -13.358562 -1.913903 -7.175691 0.778745 -1.146598 6.411080 20.159236 13.648846 -33.855690 -18.923704 -4.272091 -28.686529 109.879603 21.098259 -158.603501 2.038138 40.524297 -121.246908 76.507150 134.365759 -18.774417 -13.210732 74.790003 10.902426 -232.415546 -173.528711 32.253962 126.997163 -32.335877 26.275817 156.032016 94.716842 91.409899 -226.866041 -118.779200 20.023057 59.369915 -31.886740 -24.722878 -17.683871 -376.464188 82.012320 229.139883 43.863799 111.311030 171.853572 -5.362019 -119.600356 25.830570 -42.408623 87.604329 -28.957820 -23.181184 -123.196977 61.481388 -4.572257 -178.279661 -67.166243 -93.599502 183.216632 -116.155556 -2.849995 235.603456 -5.492156 120.084490 -25.796399 -200.358534 205.525702 128.829948 46.869571 233.704360 -180.449380 -210.359922 -101.278978 8.597859 -26.193257 -362.016011 -133.890539 55.529172 212.390903 133.904455 58.822191 353.749026 -24.835770 -109.467920 30.226211 -122.456276 -70.991446 146.808418 93.942912 -203.498945 -107.198358 94.453000 52.710444 7.898412 
11.973546 -10.189731 15.685492 -17.938818 -15.003448 -7.068247 -12.621450 31.684793 -43.721249 -193.814312 -61.258979 1196.102227 1331.096031 -3784.975961 -6538.728895 6612.554759 14072.017734 -9580.185035 -10761.186888 29261.007610 -4815.577794 -80993.130916 -4322.862128 112133.010991 41025.782611 -57982.009810 -33618.193537 -12207.182243 -9323.355852 16454.627577 1965.125278 -15153.128398 24627.503737 31544.468602 -16079.505828 -14867.729947 4897.670193 -8169.259765 1485.117570 3368.855631 -6950.208638 8102.560556 3867.139449 -3258.569926 -2197.783245 -7992.377783 -183.653942 2805.342577 2432.203805 3650.944141 388.385917 -1454.142020 -1738.033055 2396.163739 410.857271 -1099.240308 -428.173012 -937.562190 528.932276 -1303.875322 889.347137 1155.569589 -51.032474 870.452885 -640.404903 -270.285529 245.195318 130.161638 -387.266330 -616.962329 352.282424 -272.336301 -1175.845094 -196.895207 -73.429901 450.520365 603.315435 -200.484046 634.989957 113.284668 -165.318860 10.757913 125.647937 666.251956 142.683985 -284.554175 -166.046428 -144.450026 -167.400695 -147.415875 -117.437389 332.552807 -180.344212 -342.532605 139.667423 -126.940335 43.935726 181.422985 3.682929 51.658177 
11.973575 -10.189616 15.685312 -17.918211 -14.809320 -6.985373 -17.052256 19.021843 -12.400230 -8.675963 -35.624531 46.704551 65.678195 -55.810418 -121.897203 -133.675903 -76.236354 544.018933 443.047208 -746.210210 -287.673619 228.217135 -532.285337 214.617012 857.179295 -247.847405 -216.022607 726.059535 -56.860201 -792.469455 -356.512333 -196.871112 466.649783 -126.111713 95.309489 612.090630 249.476804 314.878893 -1085.897276 -263.105502 378.504680 209.640331 1.839927 -90.658187 61.947311 -1350.446587 707.569591 366.875317 -12.366757 671.820775 100.735526 542.349283 -218.463216 -539.115782 -684.728411 250.767451 69.614052 -180.249320 -612.919136 154.411567 332.199408 -35.959551 -41.535040 -532.369828 511.200089 -487.346851 696.406554 1215.091956 216.960357 205.949015 -341.977315 -1141.952344 -14.022856 632.959487 105.889439 221.806903 -775.568604 -442.390350 -174.426256 371.137315 17.513684 -1226.473087 -692.109334 443.875598 860.206405 767.066543 557.086904 606.492210 -228.403364 -998.380856 290.893293 301.374382 -808.923229 286.037925 759.626449 -740.695310 -600.594304 -8.629689 172.173054 331.952719 
--------------------------------------------------------------------------------
Region tabelaAjuste, Group 1: L2CACHE
+-------------------+----------+
|    Region Info    |  Core 3  |
+-------------------+----------+
| RDTSC Runtime [s] | 0.000174 |
|     call count    |        1 |
+-------------------+----------+

+-----------------------+---------+---------+
|         Event         | Counter |  Core 3 |
+-----------------------+---------+---------+
|   INSTR_RETIRED_ANY   |  FIXC0  | 1354158 |
| CPU_CLK_UNHALTED_CORE |  FIXC1  |  471800 |
|  CPU_CLK_UNHALTED_REF |  FIXC2  |  423586 |
| L2_TRANS_ALL_REQUESTS |   PMC0  |    4301 |
|     L2_RQSTS_MISS     |   PMC1  |    1362 |
+-----------------------+---------+---------+

+----------------------+-----------+
|        Metric        |   Core 3  |
+----------------------+-----------+
|  Runtime (RDTSC) [s] |    0.0002 |
| Runtime unhalted [s] |    0.0001 |
|      Clock [MHz]     | 3795.9092 |
|          CPI         |    0.3484 |
|    L2 request rate   |    0.0032 |
|     L2 miss rate     |    0.0010 |
|     L2 miss ratio    |    0.3167 |
+----------------------+-----------+

