--------------------------------------------------------------------------------
CPU name:	Intel(R) Core(TM) i5-7500 CPU @ 3.40GHz
CPU type:	Intel Coffeelake processor
CPU clock:	3.41 GHz
--------------------------------------------------------------------------------
15.955474 -12.329148 5.308491 -17.120823 18.655132 14.337722 13.541727 -19.986766 -3.029900 9.713152 -9.417523 9.635873 -7.324459 18.349942 4.324236 15.172069 -73.073757 -91.807383 75.518884 182.182733 -84.969525 -236.822174 -6.701953 226.027706 31.602682 -125.122530 -17.910228 17.957846 -11.311335 0.168175 0.717810 -0.578472 
15.955474 -12.329164 5.308764 -17.120197 18.640904 14.342465 13.766135 -20.174081 -4.772198 11.367969 -1.712438 2.268691 -27.181771 38.591458 30.559609 -27.515572 -76.239116 -2.830160 38.226414 8.291320 -54.421278 5.597811 21.652457 31.554453 -7.262833 -61.592593 -37.295803 27.170048 32.379886 -5.443438 -15.718471 -2.401075 
5.870224 -9.588894 7.603030 11.062450 -12.015654 2.844677 -6.933436 17.021836 -7.379737 0.935823 -14.743635 -0.894543 7.293809 0.461520 -60.107422 -55.775500 158.029864 175.732421 -270.821656 -454.915010 238.952546 626.570862 -68.683885 -554.282170 -90.307557 251.478398 63.885919 -53.396406 31.780974 33.828159 -20.587927 -0.865671 
5.870224 -9.588879 7.602805 11.061743 -12.004128 2.845448 -7.107690 17.126736 -6.158779 -0.204270 -18.857968 5.347207 9.845743 -23.746136 -27.657899 23.097739 23.605311 -37.700672 -19.472235 -26.381629 8.187498 47.098830 -20.325251 -64.653271 -12.502829 11.360265 31.577636 18.554310 3.141630 7.506129 -3.908602 8.494396 
-8.445888 -8.700725 -13.438927 -7.979740 -9.424206 -3.812061 -13.871705 -4.785161 -4.307707 -16.118087 -6.916402 14.064976 -3.260646 -15.678946 16.188908 29.693542 -15.678995 -46.633233 38.608541 119.662984 -34.444732 -156.474336 -31.591202 154.499462 62.918393 -90.715516 -41.723864 22.007021 4.291075 -12.576856 -18.831065 5.851941 
-8.445888 -8.700700 -13.439133 -7.981718 -9.413725 -3.767867 -14.043024 -5.271637 -2.932097 -13.104505 -13.330161 3.275518 16.354247 5.505667 -29.669861 10.986287 77.510214 -37.813635 -112.186183 66.268501 105.821892 1.518870 -33.992275 -24.257974 -65.346671 -25.097471 57.071036 39.320891 -6.213787 -21.022010 -27.673009 2.447036 
--------------------------------------------------------------------------------
Region tabelaAjuste, Group 1: FLOPS_DP
+-------------------+----------+
|    Region Info    |  Core 3  |
+-------------------+----------+
| RDTSC Runtime [s] | 0.000018 |
|     call count    |        1 |
+-------------------+----------+

+------------------------------------------+---------+--------+
|                   Event                  | Counter | Core 3 |
+------------------------------------------+---------+--------+
|             INSTR_RETIRED_ANY            |  FIXC0  | 143160 |
|           CPU_CLK_UNHALTED_CORE          |  FIXC1  |  62999 |
|           CPU_CLK_UNHALTED_REF           |  FIXC2  |  56516 |
| FP_ARITH_INST_RETIRED_128B_PACKED_DOUBLE |   PMC0  |      0 |
|    FP_ARITH_INST_RETIRED_SCALAR_DOUBLE   |   PMC1  |   4074 |
| FP_ARITH_INST_RETIRED_256B_PACKED_DOUBLE |   PMC2  |      0 |
+------------------------------------------+---------+--------+

+----------------------+--------------+
|        Metric        |    Core 3    |
+----------------------+--------------+
|  Runtime (RDTSC) [s] | 1.809762e-05 |
| Runtime unhalted [s] | 1.848565e-05 |
|      Clock [MHz]     |    3798.9288 |
|          CPI         |       0.4401 |
|      DP MFLOP/s      |     225.1125 |
|    AVX DP MFLOP/s    |            0 |
|    Packed MUOPS/s    |            0 |
|    Scalar MUOPS/s    |     225.1125 |
|  Vectorization ratio |            0 |
+----------------------+--------------+

