--------------------------------------------------------------------------------
CPU name:	Intel(R) Core(TM) i5-7500 CPU @ 3.40GHz
CPU type:	Intel Coffeelake processor
CPU clock:	3.41 GHz
--------------------------------------------------------------------------------
-3.336596 -0.215772 -10.161795 12.504237 17.348665 19.104747 15.544821 -5.079153 -2.089741 -5.000829 17.241509 7.813959 12.546556 -17.851324 -19.667852 -9.602755 38.326190 15.162056 -118.745561 -55.337530 113.902308 100.804333 -72.495702 -51.890446 -7.454276 -23.938757 -8.983600 0.505497 33.180356 -15.988872 -94.839832 70.068229 95.978340 -39.790837 -67.955582 -30.303989 -30.001104 40.604968 24.310262 17.717566 2.107000 -20.186069 2.620719 -18.631175 15.837107 10.531775 -5.525854 -4.071345 -8.361064 -1.307270 
-3.336596 -0.215749 -10.161964 12.502158 17.357684 19.159678 15.373768 -5.732776 -0.532323 -0.897621 9.774666 -6.331276 29.971961 6.508817 -24.601433 -17.357422 -33.580844 -25.513625 43.629356 11.023661 -6.803035 39.094283 -82.483664 17.528196 10.947920 -23.001628 26.693093 -111.995663 -4.786287 22.345988 3.791417 48.717883 -22.622482 158.984343 -9.689946 -119.869151 -73.435069 -43.568417 -43.591336 -57.815386 40.483790 91.154363 241.147464 -6.984315 -140.975772 -0.060380 -123.742535 2.263594 80.532697 -14.353464 
2.267240 -13.777634 15.829799 -12.076638 11.032722 12.752096 -0.623332 -9.081963 11.824347 -19.236139 18.848207 -13.896702 10.214830 24.230850 13.058965 -24.025563 -54.381153 30.198363 94.192710 -31.685421 -147.497910 -23.753308 69.073781 -7.487083 23.627394 59.162732 -41.615508 -41.288405 -4.033604 52.454749 12.071010 -41.362867 -21.292921 34.683011 -4.604621 8.187025 46.308755 -27.600394 -9.524185 -17.870416 -17.277627 15.235190 13.191976 18.988024 -10.368761 -14.103353 3.598820 -4.431147 12.198215 12.640523 
2.267241 -13.777661 15.829700 -12.074134 11.038220 12.685065 -0.754982 -8.295261 13.374884 -23.942724 8.742682 0.674857 49.348139 5.859720 -79.375296 -36.730917 76.421925 83.446696 -11.309085 -48.235350 -85.068014 -48.408609 -13.473782 -64.975540 99.008389 65.288688 29.470149 174.103937 -149.712630 -71.776398 7.950737 50.337056 12.915795 -375.436245 83.664784 151.840481 98.057271 229.362626 -188.066613 -17.081465 26.986437 140.026715 -59.530205 -370.975973 114.827905 -60.332968 14.220876 297.835451 -30.777875 -92.500101 
--------------------------------------------------------------------------------
Region tabelaAjuste, Group 1: L2CACHE
+-------------------+----------+
|    Region Info    |  Core 3  |
+-------------------+----------+
| RDTSC Runtime [s] | 0.000045 |
|     call count    |        1 |
+-------------------+----------+

+-----------------------+---------+--------+
|         Event         | Counter | Core 3 |
+-----------------------+---------+--------+
|   INSTR_RETIRED_ANY   |  FIXC0  | 341959 |
| CPU_CLK_UNHALTED_CORE |  FIXC1  | 135396 |
|  CPU_CLK_UNHALTED_REF |  FIXC2  | 121268 |
| L2_TRANS_ALL_REQUESTS |   PMC0  |   6624 |
|     L2_RQSTS_MISS     |   PMC1  |   2109 |
+-----------------------+---------+--------+

+----------------------+--------------+
|        Metric        |    Core 3    |
+----------------------+--------------+
|  Runtime (RDTSC) [s] | 4.529826e-05 |
| Runtime unhalted [s] | 3.972937e-05 |
|      Clock [MHz]     |    3804.9920 |
|          CPI         |       0.3959 |
|    L2 request rate   |       0.0194 |
|     L2 miss rate     |       0.0062 |
|     L2 miss ratio    |       0.3184 |
+----------------------+--------------+

