--------------------------------------------------------------------------------
CPU name:	Intel(R) Core(TM) i5-7500 CPU @ 3.40GHz
CPU type:	Intel Coffeelake processor
CPU clock:	3.41 GHz
--------------------------------------------------------------------------------
-6.208446 -13.015631 8.901380 5.276026 -2.768548 -4.852225 5.138733 -3.406946 -11.147672 16.505026 16.026195 -14.167302 -20.003890 7.137743 23.375091 -9.753124 -65.541193 24.531153 199.175518 -117.867348 -410.976728 250.744957 686.276888 -462.938732 -878.097332 426.466243 295.836433 -327.434791 988.401745 631.088514 -1412.028316 -737.194709 317.554274 284.875861 698.640212 -330.573007 -803.449163 548.722082 434.084266 -292.816979 55.139847 369.831227 -181.301794 81.178543 -176.873274 -545.176753 1118.497917 -506.740953 -1081.003597 578.635154 -431.671900 182.158792 170.462196 -115.333456 389.036978 396.399974 492.920717 268.456230 -279.858227 -958.879325 -194.386454 20.625192 -34.736368 359.536264 
-6.208444 -13.015677 8.900594 5.281437 -2.727170 -5.024644 4.363179 -0.989822 -4.314341 -0.896593 -13.936496 51.498925 33.279961 -98.521941 67.955305 -79.103026 -357.273259 529.697958 321.491946 -688.557575 558.895636 230.900872 -1218.996010 -145.672348 464.969095 79.463482 447.878911 212.398691 -254.691900 568.515263 -75.163790 -495.880807 -928.612210 -467.889056 1140.454680 -533.780649 607.858650 350.575090 -109.116875 692.877053 -903.862374 -465.462406 83.957425 440.225687 -373.328945 -72.443073 797.757642 -135.877256 -620.584187 530.653288 227.528794 -170.490127 2.522116 -97.671909 -803.324290 366.402563 393.469724 -1350.669927 531.987018 988.420900 101.527171 -73.693550 -73.552264 -278.943009 
10.799498 12.503307 -6.395458 4.039925 4.001564 -8.083562 15.353440 -11.743771 13.454207 -19.089550 5.421040 5.833247 -9.923180 -3.856247 -1.781217 -27.281075 -29.906827 10.048931 126.783157 -47.223141 -266.618099 61.182085 416.682607 -216.533286 -486.427408 266.544136 225.312089 -223.137687 356.508022 252.186424 -631.178432 -256.465719 156.800980 89.468775 327.204578 -123.894028 -251.860194 234.611040 -12.774814 -149.990830 74.098171 215.093561 80.697642 -53.123671 -157.521125 -244.136553 390.909280 -143.995944 -445.761946 212.094659 -117.638814 94.851149 33.296660 -39.026936 321.325016 96.741529 222.411214 75.613048 -238.840352 -351.220521 -113.174402 6.999129 67.278983 127.393327 
10.799503 12.503305 -6.397352 4.040655 4.106178 -8.095156 13.266223 -11.825621 33.741857 -15.653349 -100.594159 -29.002200 280.367504 173.941162 -288.401348 -533.487096 -488.341188 792.664283 1495.814216 -607.925256 -828.838167 181.444502 -906.290265 -138.752757 624.552359 -393.277010 778.188720 467.697625 -543.728200 1001.173472 146.135886 -472.992493 -1080.789797 -834.406846 1159.652752 -639.654874 279.253226 240.313916 52.974973 311.327416 -1225.275614 730.375206 32.300076 261.602292 100.234216 -243.201063 1531.113524 101.375577 -1215.002506 -255.841967 806.177455 64.188327 -283.089283 -718.003572 -2145.190837 306.059246 1305.255111 -98.419140 445.290379 206.311286 816.686827 356.459410 -638.917151 -451.056781 
16.088144 -19.578678 16.571910 -6.366556 18.379810 13.433391 -9.951898 -18.968439 4.406637 5.604470 18.257247 14.128344 -4.867765 7.943450 -19.960401 -13.557977 5.740294 4.397860 -29.209912 -75.364201 67.766856 94.628531 -28.788358 -82.290109 -24.366241 14.984925 35.785812 6.480159 56.118830 73.822596 -56.501310 -87.676271 34.371419 -10.086711 -21.142376 34.013489 -53.011239 12.936822 36.026094 -28.314856 5.063011 46.152807 38.507611 -13.251961 -23.963762 -26.731731 105.443982 -84.773769 -130.354123 70.434873 -32.978797 46.684643 48.167030 34.312548 58.034188 -42.270181 58.709138 43.335639 -76.440384 -87.701217 6.498068 38.313265 21.879903 -12.114562 
16.088148 -19.578720 16.570405 -6.361312 18.460059 13.272359 -11.482198 -16.831353 18.335661 -8.388114 -47.065940 56.272086 135.974525 -1.778118 -16.343856 -305.725741 -621.604168 746.265201 1001.886555 -605.544781 -46.109679 -162.060314 -1059.230101 160.938767 520.287742 -97.787608 582.697648 425.743667 -581.165337 640.467464 207.346891 -524.816667 -840.457908 -738.984951 1137.493111 -425.337144 419.684157 132.328816 -267.413463 516.213515 -756.916367 139.806037 95.550094 392.019638 -274.462055 -291.737641 1018.018791 211.143866 -760.959397 452.260971 141.789221 -38.150087 -94.486048 -680.807112 -1293.308349 494.649376 694.512261 -914.851771 795.630385 462.673021 468.350699 219.569673 -298.657715 -451.056781 
2.126357 -4.421676 -13.732759 4.349506 4.353043 -16.998408 6.774575 11.461529 8.020080 1.825504 -19.587500 -15.785354 -14.551164 24.904377 19.688966 -24.613844 -95.487635 34.598259 316.560190 -85.722236 -617.067020 251.320226 985.199900 -537.012233 -1141.959474 684.241889 475.355793 -606.849909 992.037813 659.275393 -1639.869726 -655.876557 432.727332 266.033894 815.102577 -410.542729 -829.243554 718.526524 231.634071 -398.573854 111.137034 466.880740 45.889376 35.306770 -293.356818 -614.942641 1013.144834 -494.638761 -1110.247321 630.569089 -356.529910 157.681903 108.085942 -87.952197 566.276642 444.036200 547.435170 182.692482 -529.831970 -973.105541 -126.669709 -32.537645 3.683419 413.756385 
2.126354 -4.421617 -13.731321 4.342885 4.277453 -16.805080 8.189321 9.019949 -4.542039 16.802627 37.133707 -54.825199 -126.330463 0.448395 -31.303913 369.494672 565.487123 -813.832845 -857.587432 413.399894 262.720723 465.085339 303.607670 -174.787493 116.824475 -63.129037 -591.381173 -587.169100 601.126632 -443.017414 -414.305417 855.266801 680.957922 222.968006 -865.708726 250.579432 -330.833704 244.097088 333.390412 -133.596779 140.245817 -670.246949 167.724123 124.504043 206.749543 29.520513 -594.929751 -353.080484 263.925063 -446.756446 248.965703 119.156729 10.437656 264.605824 1204.658115 -227.550609 -209.505621 745.644218 -541.185967 -341.517831 -1092.423083 -243.269270 161.146287 718.129874 
-18.736080 5.215113 8.688553 10.743905 13.592693 0.740728 16.854868 -8.091100 10.848447 0.790515 19.860364 4.908283 -18.473210 4.309852 -22.152316 17.182129 15.145145 10.691500 -12.307920 22.939877 71.333147 -31.591905 -114.610567 63.163669 162.981926 -60.365030 -69.067547 36.320516 -164.182667 -101.954774 228.421727 116.175094 -56.785055 -23.694904 -113.678054 67.133101 134.414242 -94.439926 -77.230449 45.108637 -29.178113 -76.976995 -2.696820 -11.401137 39.865394 83.833351 -161.579142 91.668525 175.844957 -108.840258 60.491002 -40.972510 -18.216217 17.530206 -73.427241 -84.003583 -112.371685 -44.074403 87.962028 160.883003 -0.703458 -13.842397 13.987970 -64.504187 
-18.736081 5.215104 8.688735 10.744680 13.582366 0.717621 17.069726 -7.775965 8.614559 -1.525212 32.912512 14.813201 -62.558900 -21.084784 58.200401 56.221835 -35.164022 -24.476769 -75.816577 34.633798 157.634992 3.522851 -29.749212 -25.630673 -41.624445 11.446260 14.196300 24.815713 -29.683366 -55.185587 23.680752 4.832631 -8.268956 37.327067 -10.060613 59.034567 -13.830828 -23.875638 -88.585491 27.945096 162.038836 -149.374316 73.291337 3.429408 -94.420704 -23.038114 -86.826363 -38.888076 87.621709 157.595953 -186.402970 30.084759 17.925221 71.532487 141.518408 16.602614 -139.736560 -221.613627 36.643006 115.860982 -50.032825 -75.186066 136.117732 -47.479661 
--------------------------------------------------------------------------------
Region tabelaAjuste, Group 1: L3
+-------------------+----------+
|    Region Info    |  Core 3  |
+-------------------+----------+
| RDTSC Runtime [s] | 0.000070 |
|     call count    |        1 |
+-------------------+----------+

+-----------------------+---------+--------+
|         Event         | Counter | Core 3 |
+-----------------------+---------+--------+
|   INSTR_RETIRED_ANY   |  FIXC0  | 557384 |
| CPU_CLK_UNHALTED_CORE |  FIXC1  | 210812 |
|  CPU_CLK_UNHALTED_REF |  FIXC2  | 189144 |
|    L2_LINES_IN_ALL    |   PMC0  |   2260 |
|     L2_TRANS_L2_WB    |   PMC1  |    274 |
+-----------------------+---------+--------+

+-------------------------------+--------------+
|             Metric            |    Core 3    |
+-------------------------------+--------------+
|      Runtime (RDTSC) [s]      |       0.0001 |
|      Runtime unhalted [s]     |       0.0001 |
|          Clock [MHz]          |    3798.3028 |
|              CPI              |       0.3782 |
|  L3 load bandwidth [MBytes/s] |    2056.3427 |
|  L3 load data volume [GBytes] |       0.0001 |
| L3 evict bandwidth [MBytes/s] |     249.3088 |
| L3 evict data volume [GBytes] | 1.753600e-05 |
|    L3 bandwidth [MBytes/s]    |    2305.6515 |
|    L3 data volume [GBytes]    |       0.0002 |
+-------------------------------+--------------+

