---LOWER---
 1.000000e+00  0.000000e+00  0.000000e+00  0.000000e+00  0.000000e+00  0.000000e+00  0.000000e+00  0.000000e+00  0.000000e+00  0.000000e+00 
 1.000000e+00  1.000000e+00  0.000000e+00  0.000000e+00  0.000000e+00  0.000000e+00  0.000000e+00  0.000000e+00  0.000000e+00  0.000000e+00 
 1.000000e+00  2.782144e+00  1.000000e+00  0.000000e+00  0.000000e+00  0.000000e+00  0.000000e+00  0.000000e+00  0.000000e+00  0.000000e+00 
 1.000000e+00  4.348946e+00  2.937444e+00  1.000000e+00  0.000000e+00  0.000000e+00  0.000000e+00  0.000000e+00  0.000000e+00  0.000000e+00 
 1.000000e+00  7.225095e+00  9.071247e+00  8.756991e+00  1.000000e+00  0.000000e+00  0.000000e+00  0.000000e+00  0.000000e+00  0.000000e+00 
 1.000000e+00  7.666609e+00  1.030827e+01  1.094005e+01  1.441070e+00  1.000000e+00  0.000000e+00  0.000000e+00  0.000000e+00  0.000000e+00 
 1.000000e+00  1.863589e+01  6.628645e+01  2.283352e+02  1.295227e+02  2.322907e+03  1.000000e+00  0.000000e+00  0.000000e+00  0.000000e+00 
 1.000000e+00  1.891718e+01  6.836025e+01  2.396570e+02  1.386216e+02  2.547377e+03  1.124755e+00  1.000000e+00  0.000000e+00  0.000000e+00 
 1.000000e+00  1.913692e+01  7.000240e+01  2.487562e+02  1.460549e+02  2.734417e+03  1.230921e+00  1.949267e+00  1.000000e+00  0.000000e+00 
 1.000000e+00  1.918748e+01  7.038300e+01  2.508818e+02  1.478066e+02  2.778957e+03  1.256485e+00  2.190536e+00  1.382345e+00  1.000000e+00 
---UPPER---
 1.000000e+00 -8.024708e-01  6.439594e-01 -5.167586e-01  4.146837e-01 -3.327716e-01  2.670395e-01 -2.142914e-01  1.719626e-01 -1.379949e-01 
 0.000000e+00  9.393995e-02 -1.419434e-01  1.610648e-01 -1.626637e-01  1.542076e-01 -1.405214e-01  1.246494e-01 -1.084485e-01  9.299324e-02 
 0.000000e+00  0.000000e+00  4.375456e-02 -8.978951e-02  1.236060e-01 -1.426493e-01  1.490154e-01 -1.460855e-01  1.371074e-01 -1.247032e-01 
 0.000000e+00  0.000000e+00  0.000000e+00  1.891722e-02 -4.627244e-02  7.166900e-02 -8.990686e-02  9.984367e-02 -1.024914e-01  9.965270e-02 
 0.000000e+00  0.000000e+00  0.000000e+00  0.000000e+00  4.475833e-02 -1.150197e-01  1.838028e-01 -2.354654e-01  2.653690e-01 -2.753339e-01 
 0.000000e+00  0.000000e+00  0.000000e+00  0.000000e+00  0.000000e+00  2.675185e-03 -7.094764e-03  1.156950e-02 -1.502548e-02  1.709713e-02 
 0.000000e+00  0.000000e+00  0.000000e+00  0.000000e+00  0.000000e+00  0.000000e+00  6.403451e+00 -1.091072e+01  1.734793e+01 -1.951668e+01 
 0.000000e+00  0.000000e+00  0.000000e+00  0.000000e+00  0.000000e+00  0.000000e+00  0.000000e+00  1.903221e-01 -1.387966e-01  3.803394e-01 
 0.000000e+00  0.000000e+00  0.000000e+00  0.000000e+00  0.000000e+00  0.000000e+00  0.000000e+00  0.000000e+00  7.657900e-03  2.036834e-03 
 0.000000e+00  0.000000e+00  0.000000e+00  0.000000e+00  0.000000e+00  0.000000e+00  0.000000e+00  0.000000e+00  0.000000e+00  5.027785e-05 
-4.911753837589850846 -2.044421973995274922 16.746752612406680782 -11.417530822291457326 7.539299198756236109 3.879283974394765799 -1.731585248225042006 10.030700933626997440 10.137509057853076655 12.052350377396463088 
---LOWER---
 1.000000e+00  0.000000e+00  0.000000e+00  0.000000e+00  0.000000e+00  0.000000e+00  0.000000e+00  0.000000e+00  0.000000e+00  0.000000e+00 
 1.000000e+00  1.000000e+00  0.000000e+00  0.000000e+00  0.000000e+00  0.000000e+00  0.000000e+00  0.000000e+00  0.000000e+00  0.000000e+00 
 1.000000e+00  2.782144e+00  1.000000e+00  0.000000e+00  0.000000e+00  0.000000e+00  0.000000e+00  0.000000e+00  0.000000e+00  0.000000e+00 
 1.000000e+00  4.348946e+00  2.937444e+00  1.000000e+00  0.000000e+00  0.000000e+00  0.000000e+00  0.000000e+00  0.000000e+00  0.000000e+00 
 1.000000e+00  7.225095e+00  9.071247e+00  8.756991e+00  1.000000e+00  0.000000e+00  0.000000e+00  0.000000e+00  0.000000e+00  0.000000e+00 
 1.000000e+00  7.666609e+00  1.030827e+01  1.094005e+01  1.441070e+00  1.000000e+00  0.000000e+00  0.000000e+00  0.000000e+00  0.000000e+00 
 1.000000e+00  1.863589e+01  6.628645e+01  2.283352e+02  1.295227e+02  2.322907e+03  1.000000e+00  0.000000e+00  0.000000e+00  0.000000e+00 
 1.000000e+00  1.891718e+01  6.836025e+01  2.396570e+02  1.386216e+02  2.547377e+03  1.124755e+00  1.000000e+00  0.000000e+00  0.000000e+00 
 1.000000e+00  1.913692e+01  7.000240e+01  2.487562e+02  1.460549e+02  2.734417e+03  1.230921e+00  1.949267e+00  1.000000e+00  0.000000e+00 
 1.000000e+00  1.918748e+01  7.038300e+01  2.508818e+02  1.478066e+02  2.778957e+03  1.256485e+00  2.190536e+00  1.382345e+00  1.000000e+00 
---UPPER---
 1.000000e+00 -8.024708e-01  6.439594e-01 -5.167586e-01  4.146837e-01 -3.327716e-01  2.670395e-01 -2.142914e-01  1.719626e-01 -1.379949e-01 
 0.000000e+00  9.393995e-02 -1.419434e-01  1.610648e-01 -1.626637e-01  1.542076e-01 -1.405214e-01  1.246494e-01 -1.084485e-01  9.299324e-02 
 0.000000e+00  0.000000e+00  4.375456e-02 -8.978951e-02  1.236060e-01 -1.426493e-01  1.490154e-01 -1.460855e-01  1.371074e-01 -1.247032e-01 
 0.000000e+00  0.000000e+00  0.000000e+00  1.891722e-02 -4.627244e-02  7.166900e-02 -8.990686e-02  9.984367e-02 -1.024914e-01  9.965270e-02 
 0.000000e+00  0.000000e+00  0.000000e+00  0.000000e+00  4.475833e-02 -1.150197e-01  1.838028e-01 -2.354654e-01  2.653690e-01 -2.753339e-01 
 0.000000e+00  0.000000e+00  0.000000e+00  0.000000e+00  0.000000e+00  2.675185e-03 -7.094764e-03  1.156950e-02 -1.502548e-02  1.709713e-02 
 0.000000e+00  0.000000e+00  0.000000e+00  0.000000e+00  0.000000e+00  0.000000e+00  6.403451e+00 -1.091072e+01  1.734793e+01 -1.951668e+01 
 0.000000e+00  0.000000e+00  0.000000e+00  0.000000e+00  0.000000e+00  0.000000e+00  0.000000e+00  1.903221e-01 -1.387966e-01  3.803394e-01 
 0.000000e+00  0.000000e+00  0.000000e+00  0.000000e+00  0.000000e+00  0.000000e+00  0.000000e+00  0.000000e+00  7.657900e-03  2.036834e-03 
 0.000000e+00  0.000000e+00  0.000000e+00  0.000000e+00  0.000000e+00  0.000000e+00  0.000000e+00  0.000000e+00  0.000000e+00  5.027785e-05 
-19.460568767682246971 10.911597707830685167 -4.974715425716693673 -16.189500669309335734 19.606437078632499293 16.325190323499793266 -12.329887154318562636 -12.981041302973881812 -3.865513615040709894 -14.938796394373245136 
---LOWER---
 1.000000e+00  0.000000e+00  0.000000e+00  0.000000e+00  0.000000e+00  0.000000e+00  0.000000e+00  0.000000e+00  0.000000e+00  0.000000e+00 
 1.000000e+00  1.000000e+00  0.000000e+00  0.000000e+00  0.000000e+00  0.000000e+00  0.000000e+00  0.000000e+00  0.000000e+00  0.000000e+00 
 1.000000e+00  2.782144e+00  1.000000e+00  0.000000e+00  0.000000e+00  0.000000e+00  0.000000e+00  0.000000e+00  0.000000e+00  0.000000e+00 
 1.000000e+00  4.348946e+00  2.937444e+00  1.000000e+00  0.000000e+00  0.000000e+00  0.000000e+00  0.000000e+00  0.000000e+00  0.000000e+00 
 1.000000e+00  7.225095e+00  9.071247e+00  8.756991e+00  1.000000e+00  0.000000e+00  0.000000e+00  0.000000e+00  0.000000e+00  0.000000e+00 
 1.000000e+00  7.666609e+00  1.030827e+01  1.094005e+01  1.441070e+00  1.000000e+00  0.000000e+00  0.000000e+00  0.000000e+00  0.000000e+00 
 1.000000e+00  1.863589e+01  6.628645e+01  2.283352e+02  1.295227e+02  2.322907e+03  1.000000e+00  0.000000e+00  0.000000e+00  0.000000e+00 
 1.000000e+00  1.891718e+01  6.836025e+01  2.396570e+02  1.386216e+02  2.547377e+03  1.124755e+00  1.000000e+00  0.000000e+00  0.000000e+00 
 1.000000e+00  1.913692e+01  7.000240e+01  2.487562e+02  1.460549e+02  2.734417e+03  1.230921e+00  1.949267e+00  1.000000e+00  0.000000e+00 
 1.000000e+00  1.918748e+01  7.038300e+01  2.508818e+02  1.478066e+02  2.778957e+03  1.256485e+00  2.190536e+00  1.382345e+00  1.000000e+00 
---UPPER---
 1.000000e+00 -8.024708e-01  6.439594e-01 -5.167586e-01  4.146837e-01 -3.327716e-01  2.670395e-01 -2.142914e-01  1.719626e-01 -1.379949e-01 
 0.000000e+00  9.393995e-02 -1.419434e-01  1.610648e-01 -1.626637e-01  1.542076e-01 -1.405214e-01  1.246494e-01 -1.084485e-01  9.299324e-02 
 0.000000e+00  0.000000e+00  4.375456e-02 -8.978951e-02  1.236060e-01 -1.426493e-01  1.490154e-01 -1.460855e-01  1.371074e-01 -1.247032e-01 
 0.000000e+00  0.000000e+00  0.000000e+00  1.891722e-02 -4.627244e-02  7.166900e-02 -8.990686e-02  9.984367e-02 -1.024914e-01  9.965270e-02 
 0.000000e+00  0.000000e+00  0.000000e+00  0.000000e+00  4.475833e-02 -1.150197e-01  1.838028e-01 -2.354654e-01  2.653690e-01 -2.753339e-01 
 0.000000e+00  0.000000e+00  0.000000e+00  0.000000e+00  0.000000e+00  2.675185e-03 -7.094764e-03  1.156950e-02 -1.502548e-02  1.709713e-02 
 0.000000e+00  0.000000e+00  0.000000e+00  0.000000e+00  0.000000e+00  0.000000e+00  6.403451e+00 -1.091072e+01  1.734793e+01 -1.951668e+01 
 0.000000e+00  0.000000e+00  0.000000e+00  0.000000e+00  0.000000e+00  0.000000e+00  0.000000e+00  1.903221e-01 -1.387966e-01  3.803394e-01 
 0.000000e+00  0.000000e+00  0.000000e+00  0.000000e+00  0.000000e+00  0.000000e+00  0.000000e+00  0.000000e+00  7.657900e-03  2.036834e-03 
 0.000000e+00  0.000000e+00  0.000000e+00  0.000000e+00  0.000000e+00  0.000000e+00  0.000000e+00  0.000000e+00  0.000000e+00  5.027785e-05 
16.557324760954173826 9.618548640269862560 -16.760747308651303911 -2.285918320134355586 18.469578491437314227 -8.304142868920207476 -13.371436165662077045 19.636746520958986650 17.719765042941663324 13.644102891497915664 
---LOWER---
 1.000000e+00  0.000000e+00  0.000000e+00  0.000000e+00  0.000000e+00  0.000000e+00  0.000000e+00  0.000000e+00  0.000000e+00  0.000000e+00 
 1.000000e+00  1.000000e+00  0.000000e+00  0.000000e+00  0.000000e+00  0.000000e+00  0.000000e+00  0.000000e+00  0.000000e+00  0.000000e+00 
 1.000000e+00  2.782144e+00  1.000000e+00  0.000000e+00  0.000000e+00  0.000000e+00  0.000000e+00  0.000000e+00  0.000000e+00  0.000000e+00 
 1.000000e+00  4.348946e+00  2.937444e+00  1.000000e+00  0.000000e+00  0.000000e+00  0.000000e+00  0.000000e+00  0.000000e+00  0.000000e+00 
 1.000000e+00  7.225095e+00  9.071247e+00  8.756991e+00  1.000000e+00  0.000000e+00  0.000000e+00  0.000000e+00  0.000000e+00  0.000000e+00 
 1.000000e+00  7.666609e+00  1.030827e+01  1.094005e+01  1.441070e+00  1.000000e+00  0.000000e+00  0.000000e+00  0.000000e+00  0.000000e+00 
 1.000000e+00  1.863589e+01  6.628645e+01  2.283352e+02  1.295227e+02  2.322907e+03  1.000000e+00  0.000000e+00  0.000000e+00  0.000000e+00 
 1.000000e+00  1.891718e+01  6.836025e+01  2.396570e+02  1.386216e+02  2.547377e+03  1.124755e+00  1.000000e+00  0.000000e+00  0.000000e+00 
 1.000000e+00  1.913692e+01  7.000240e+01  2.487562e+02  1.460549e+02  2.734417e+03  1.230921e+00  1.949267e+00  1.000000e+00  0.000000e+00 
 1.000000e+00  1.918748e+01  7.038300e+01  2.508818e+02  1.478066e+02  2.778957e+03  1.256485e+00  2.190536e+00  1.382345e+00  1.000000e+00 
---UPPER---
 1.000000e+00 -8.024708e-01  6.439594e-01 -5.167586e-01  4.146837e-01 -3.327716e-01  2.670395e-01 -2.142914e-01  1.719626e-01 -1.379949e-01 
 0.000000e+00  9.393995e-02 -1.419434e-01  1.610648e-01 -1.626637e-01  1.542076e-01 -1.405214e-01  1.246494e-01 -1.084485e-01  9.299324e-02 
 0.000000e+00  0.000000e+00  4.375456e-02 -8.978951e-02  1.236060e-01 -1.426493e-01  1.490154e-01 -1.460855e-01  1.371074e-01 -1.247032e-01 
 0.000000e+00  0.000000e+00  0.000000e+00  1.891722e-02 -4.627244e-02  7.166900e-02 -8.990686e-02  9.984367e-02 -1.024914e-01  9.965270e-02 
 0.000000e+00  0.000000e+00  0.000000e+00  0.000000e+00  4.475833e-02 -1.150197e-01  1.838028e-01 -2.354654e-01  2.653690e-01 -2.753339e-01 
 0.000000e+00  0.000000e+00  0.000000e+00  0.000000e+00  0.000000e+00  2.675185e-03 -7.094764e-03  1.156950e-02 -1.502548e-02  1.709713e-02 
 0.000000e+00  0.000000e+00  0.000000e+00  0.000000e+00  0.000000e+00  0.000000e+00  6.403451e+00 -1.091072e+01  1.734793e+01 -1.951668e+01 
 0.000000e+00  0.000000e+00  0.000000e+00  0.000000e+00  0.000000e+00  0.000000e+00  0.000000e+00  1.903221e-01 -1.387966e-01  3.803394e-01 
 0.000000e+00  0.000000e+00  0.000000e+00  0.000000e+00  0.000000e+00  0.000000e+00  0.000000e+00  0.000000e+00  7.657900e-03  2.036834e-03 
 0.000000e+00  0.000000e+00  0.000000e+00  0.000000e+00  0.000000e+00  0.000000e+00  0.000000e+00  0.000000e+00  0.000000e+00  5.027785e-05 
-3.630187154735491362 5.694207539401954676 -0.503769384565318279 -3.626185249582964953 7.094061433881287293 10.411209133209609945 15.221695023177570505 -1.932531618658206884 -18.231581398495585233 -0.105866338105283009 
